<?xml version="1.0" encoding="UTF-8"?>
<!-- Generated by org.testng.reporters.JUnitReportReporter -->
<testsuite skipped="0" hostname="xeadmin-Latitude-7480" name="Test2" tests="1" failures="0" timestamp="2020-12-13T21:07:30 IST" time="0.088" errors="0">
  <testcase name="initialDemo" time="0.088" classname="Test2"/>
  <system-out/>
</testsuite> <!-- Test2 -->
