<?xml version="1.0" encoding="UTF-8"?>
<!-- Generated by org.testng.reporters.JUnitReportReporter -->
<testsuite skipped="0" hostname="xeadmin-Latitude-7480" name="Test3" tests="1" failures="0" timestamp="2020-12-13T21:07:30 IST" time="0.068" errors="0">
  <testcase name="initialDemo" time="0.068" classname="Test3"/>
  <system-out/>
</testsuite> <!-- Test3 -->
