<?xml version="1.0" encoding="UTF-8"?>
<!-- Generated by org.testng.reporters.JUnitReportReporter -->
<testsuite skipped="0" hostname="xeadmin-Latitude-7480" name="Test1" tests="1" failures="0" timestamp="2020-12-13T21:07:30 IST" time="0.070" errors="0">
  <testcase name="initialDemo" time="0.070" classname="Test1"/>
  <system-out/>
</testsuite> <!-- Test1 -->
